<job owner="%(owner)s">
<recipe arch="i386" distro="RHEL5-Server-U3"
        family="RedHatEnterpriseLinuxServer5"
        status="Running" variant="None"
        id="21" job_id="11" recipe_set_id="11"
        system="%(machine0)s"
        >
    <repos>
        <repo name="beaker-task"
                url="http://beaker-devel.app.eng.bos.redhat.com/rpms" />
    </repos>
    <distroRequires>
        <distro_arch op="=" value="i386"/>
        <distro_family op="=" value="RedHatEnterpriseLinuxServer5"/>
    </distroRequires>
    <hostRequires>
        <system_type value="Machine"/>
    </hostRequires>

    <task avg_time="84400" id="98"
      name="/distribution/reservesys" role="STANDALONE"
            result="%(task98_res)s"
            status="%(task98_stat)s"
            >
        <roles>
            <role value="STANDALONE">
                <system value="%(machine0)s"/>
            </role>
        </roles>
        <params>
            <param name="RESERVETIME" value="600"/>
        </params>
        <rpm name="rh-tests-distribution-reservesys.noarch"/>
    </task>

    <task avg_time="84400" id="99"
      name="/distribution/reservesys" role="STANDALONE"
            result="%(task99_res)s"
            status="%(task99_stat)s"
            >
        <roles>
            <role value="STANDALONE">
                <system value="%(machine0)s"/>
            </role>
        </roles>
        <params>
            <param name="RESERVETIME" value="600"/>
        </params>
        <rpm name="rh-tests-distribution-reservesys.noarch"/>
    </task>
</recipe>
</job>
