<job>
    <recipeset>
        <recipe arch="i386" distro="RHEL5-Server-U3"
                family="RedHatEnterpriseLinuxServer5"
                status="Running" variant="None"
                id="21" job_id="11" recipe_set_id="11"
                system="%(machine0)s"
                >
            <repos>
                <repo name="beaker-task"
                        url="http://beaker-devel.app.eng.bos.redhat.com/rpms" />
            </repos>
            <distroRequires>
                <distro_arch op="=" value="i386"/>
                <distro_family op="=" value="RedHatEnterpriseLinuxServer5"/>
            </distroRequires>
            <hostRequires>
                <system_type value="Machine"/>
            </hostRequires>

            <task avg_time="18000" id="40"
                    name="/distribution/beaker/beah/sync"
                    role="SERVERS"
                    result="%(task40_res)s"
                    status="%(task40_stat)s"
                    >
                <roles>
                    <role value="SERVERS">
                        <system value="%(machine0)s"/>
                    </role>
                    <role value="CLIENTS">
                        <system value="%(machine1)s"/>
                        <system value="%(machine2)s"/>
                    </role>
                </roles>
                <rpm name="rh-tests-distribution-beaker-beah-sync.noarch"/>
            </task>
    <!--
    <task avg_time="84400" id="98"
            name="/distribution/reservesys" role="CLIENTS"
            result="%(task98_res)s"
            status="%(task98_stat)s"
            >
        <roles>
            <role value="CLIENTS">
                <system value="%(machine0)s"/>
            </role>
        </roles>
        <rpm name="rh-tests-distribution-reservesys.noarch"/>
    </task>
            <task avg_time="18000" id="41"
                    name="/distribution/beaker/beah/sync"
                    role="SERVERS"
                    result="%(task41_res)s"
                    status="%(task41_stat)s"
                    >
                <roles>
                    <role value="SERVERS">
                        <system value="%(machine0)s"/>
                    </role>
                    <role value="CLIENTS">
                        <system value="%(machine1)s"/>
                        <system value="%(machine2)s"/>
                    </role>
                </roles>
                <rpm name="rh-tests-distribution-beaker-beah-sync.noarch"/>
            </task>
    <task avg_time="84400" id="99"
            name="/distribution/reservesys" role="CLIENTS"
            result="%(task99_res)s"
            status="%(task99_stat)s"
            >
        <roles>
            <role value="CLIENTS">
                <system value="%(machine0)s"/>
            </role>
        </roles>
        <rpm name="rh-tests-distribution-reservesys.noarch"/>
    </task>
            <task avg_time="18000" id="42"
                    name="/distribution/beaker/beah/sync"
                    role="SERVERS"
                    result="%(task42_res)s"
                    status="%(task42_stat)s"
                    >
                <roles>
                    <role value="SERVERS">
                        <system value="%(machine0)s"/>
                    </role>
                    <role value="CLIENTS">
                        <system value="%(machine1)s"/>
                        <system value="%(machine2)s"/>
                    </role>
                </roles>
                <rpm name="rh-tests-distribution-beaker-beah-sync.noarch"/>
            </task>
    -->
        </recipe>
    </recipeset>
</job>

