<recipe arch="i386" distro="RHEL5-Server-U3"
        family="RedHatEnterpriseLinuxServer5"
        status="Running" variant="None"
        id="21" job_id="11" recipe_set_id="11"
        system="%(machine0)s"
        >
    <repos>
        <repo name="beaker-task"
                url="http://beaker-devel.app.eng.bos.redhat.com/rpms" />
    </repos>
    <distroRequires>
        <distro_arch op="=" value="i386"/>
        <distro_family op="=" value="RedHatEnterpriseLinuxServer5"/>
    </distroRequires>
    <hostRequires>
        <system_type value="Machine"/>
    </hostRequires>
    <task avg_time="1200" id="40"
            name="/examples/rhts_tutorial/mcsontos/sync-block"
            role="SERVERS"
            result="%(task40_res)s"
            status="%(task40_stat)s"
            >
        <roles>
            <role value="SERVERS">
                <system value="%(machine0)s"/>
            </role>
            <role value="CLIENTS">
                <system value="%(machine1)s"/>
            </role>
        </roles>
        <rpm name="tmp-examples-rhts_tutorial-mcsontos-sync-block.noarch"/>
    </task>
</recipe>

